c:\users\justin murphey\desktop\helloworld\helloworld\debug\helloworld.pch
c:\users\justin murphey\desktop\helloworld\helloworld\debug\vc141.pdb
c:\users\justin murphey\desktop\helloworld\helloworld\debug\vc141.idb
c:\users\justin murphey\desktop\helloworld\helloworld\debug\stdafx.obj
c:\users\justin murphey\desktop\helloworld\helloworld\debug\calculate.obj
c:\users\justin murphey\desktop\helloworld\helloworld\debug\fraction.obj
c:\users\justin murphey\desktop\helloworld\helloworld\debug\helloworld.obj
c:\users\justin murphey\desktop\helloworld\helloworld\debug\main.obj
c:\users\justin murphey\desktop\helloworld\debug\helloworld.exe
c:\users\justin murphey\desktop\helloworld\debug\helloworld.ilk
c:\users\justin murphey\desktop\helloworld\debug\helloworld.pdb
c:\users\justin murphey\desktop\helloworld\helloworld\debug\helloworld.res
c:\users\justin murphey\desktop\helloworld\helloworld\debug\helloworld.tlog\cl.command.1.tlog
c:\users\justin murphey\desktop\helloworld\helloworld\debug\helloworld.tlog\cl.read.1.tlog
c:\users\justin murphey\desktop\helloworld\helloworld\debug\helloworld.tlog\cl.write.1.tlog
c:\users\justin murphey\desktop\helloworld\helloworld\debug\helloworld.tlog\link.command.1.tlog
c:\users\justin murphey\desktop\helloworld\helloworld\debug\helloworld.tlog\link.read.1.tlog
c:\users\justin murphey\desktop\helloworld\helloworld\debug\helloworld.tlog\link.write.1.tlog
c:\users\justin murphey\desktop\helloworld\helloworld\debug\helloworld.tlog\rc.command.1.tlog
c:\users\justin murphey\desktop\helloworld\helloworld\debug\helloworld.tlog\rc.read.1.tlog
c:\users\justin murphey\desktop\helloworld\helloworld\debug\helloworld.tlog\rc.write.1.tlog
