c:\users\justin murphey\desktop\project 2\helloworld\debug\helloworld.pch
c:\users\justin murphey\desktop\project 2\helloworld\debug\vc141.pdb
c:\users\justin murphey\desktop\project 2\helloworld\debug\vc141.idb
c:\users\justin murphey\desktop\project 2\helloworld\debug\stdafx.obj
c:\users\justin murphey\desktop\project 2\helloworld\debug\calculate.obj
c:\users\justin murphey\desktop\project 2\helloworld\debug\fraction.obj
c:\users\justin murphey\desktop\project 2\helloworld\debug\helloworld.obj
c:\users\justin murphey\desktop\project 2\helloworld\debug\main.obj
c:\users\justin murphey\desktop\project 2\debug\helloworld.ilk
c:\users\justin murphey\desktop\project 2\debug\helloworld.exe
c:\users\justin murphey\desktop\project 2\debug\helloworld.pdb
c:\users\justin murphey\desktop\project 2\helloworld\debug\helloworld.res
h:\new folder\project 2\helloworld\debug\calculate.obj
h:\new folder\project 2\helloworld\debug\fraction.obj
h:\new folder\project 2\helloworld\debug\helloworld.obj
h:\new folder\project 2\helloworld\debug\main.obj
h:\new folder\project 2\helloworld\debug\stdafx.obj
h:\new folder\project 2\helloworld\debug\helloworld.res
h:\new folder\project 2\helloworld\debug\helloworld.pch
h:\new folder\project 2\helloworld\debug\vc141.idb
h:\new folder\project 2\helloworld\debug\vc141.pdb
h:\new folder\project 2\debug\helloworld.pdb
h:\new folder\project 2\debug\helloworld.exe
h:\new folder\project 2\debug\helloworld.ilk
h:\new folder\project 2\helloworld\debug\helloworld.tlog\cl.command.1.tlog
h:\new folder\project 2\helloworld\debug\helloworld.tlog\cl.read.1.tlog
h:\new folder\project 2\helloworld\debug\helloworld.tlog\cl.write.1.tlog
h:\new folder\project 2\helloworld\debug\helloworld.tlog\link.command.1.tlog
h:\new folder\project 2\helloworld\debug\helloworld.tlog\link.read.1.tlog
h:\new folder\project 2\helloworld\debug\helloworld.tlog\link.write.1.tlog
h:\new folder\project 2\helloworld\debug\helloworld.tlog\rc.command.1.tlog
h:\new folder\project 2\helloworld\debug\helloworld.tlog\rc.read.1.tlog
h:\new folder\project 2\helloworld\debug\helloworld.tlog\rc.write.1.tlog
